<?xml version="1.0" encoding="UTF-8"?>
<testng-results skipped="0" failed="1" total="4" passed="3">
  <reporter-output>
  </reporter-output>
  <suite name="Default suite" duration-ms="152376" started-at="2017-12-15T04:27:01Z" finished-at="2017-12-15T04:29:33Z">
    <groups>
    </groups>
    <test name="Default test" duration-ms="152376" started-at="2017-12-15T04:27:01Z" finished-at="2017-12-15T04:29:33Z">
      <class name="scripts.SearchClick">
        <test-method status="PASS" signature="inReport()[pri:0, instance:scripts.SearchClick@1efef64]" name="inReport" is-config="true" duration-ms="172" started-at="2017-12-15T09:57:00Z" finished-at="2017-12-15T09:57:01Z">
          <reporter-output>
          </reporter-output>
        </test-method> <!-- inReport -->
        <test-method status="PASS" signature="launchApp()[pri:0, instance:scripts.SearchClick@1efef64]" name="launchApp" is-config="true" duration-ms="13052" started-at="2017-12-15T09:57:01Z" finished-at="2017-12-15T09:57:14Z">
          <reporter-output>
          </reporter-output>
        </test-method> <!-- launchApp -->
        <test-method status="PASS" signature="gsearch_google(java.util.Map)[pri:0, instance:scripts.SearchClick@1efef64]" name="gsearch_google" duration-ms="11867" started-at="2017-12-15T09:57:14Z" data-provider="dphvf" finished-at="2017-12-15T09:57:26Z">
          <params>
            <param index="0">
              <value>
                <![CDATA[{result=100.0, scriteria=Amazon India, tc_id=Search_01, order_id=1.0, eflag=y, script=google, url=online}]]>
              </value>
            </param>
          </params>
          <reporter-output>
          </reporter-output>
        </test-method> <!-- gsearch_google -->
        <test-method status="PASS" signature="teardown()[pri:0, instance:scripts.SearchClick@1efef64]" name="teardown" is-config="true" duration-ms="3898" started-at="2017-12-15T09:57:26Z" finished-at="2017-12-15T09:57:30Z">
          <reporter-output>
          </reporter-output>
        </test-method> <!-- teardown -->
        <test-method status="PASS" signature="launchApp()[pri:0, instance:scripts.SearchClick@1efef64]" name="launchApp" is-config="true" duration-ms="11689" started-at="2017-12-15T09:57:30Z" finished-at="2017-12-15T09:57:42Z">
          <reporter-output>
          </reporter-output>
        </test-method> <!-- launchApp -->
        <test-method status="PASS" signature="gsearch_google(java.util.Map)[pri:0, instance:scripts.SearchClick@1efef64]" name="gsearch_google" duration-ms="11746" started-at="2017-12-15T09:57:42Z" data-provider="dphvf" finished-at="2017-12-15T09:57:54Z">
          <params>
            <param index="0">
              <value>
                <![CDATA[{result=100.0, scriteria=Snapdeal, tc_id=Search_03, order_id=1.0, eflag=y, script=google, url=deals of the}]]>
              </value>
            </param>
          </params>
          <reporter-output>
          </reporter-output>
        </test-method> <!-- gsearch_google -->
        <test-method status="PASS" signature="teardown()[pri:0, instance:scripts.SearchClick@1efef64]" name="teardown" is-config="true" duration-ms="1000" started-at="2017-12-15T09:57:54Z" finished-at="2017-12-15T09:57:55Z">
          <reporter-output>
          </reporter-output>
        </test-method> <!-- teardown -->
        <test-method status="PASS" signature="launchApp()[pri:0, instance:scripts.SearchClick@1efef64]" name="launchApp" is-config="true" duration-ms="12366" started-at="2017-12-15T09:57:55Z" finished-at="2017-12-15T09:58:07Z">
          <reporter-output>
          </reporter-output>
        </test-method> <!-- launchApp -->
        <test-method status="FAIL" signature="gsearch_google(java.util.Map)[pri:0, instance:scripts.SearchClick@1efef64]" name="gsearch_google" duration-ms="8304" started-at="2017-12-15T09:58:07Z" data-provider="dphvf" finished-at="2017-12-15T09:58:15Z">
          <params>
            <param index="0">
              <value>
                <![CDATA[{result=100.0, scriteria=Paytm India, tc_id=Search_04, order_id=1.0, eflag=y, script=google, url=paytm.com}]]>
              </value>
            </param>
          </params>
          <exception class="org.openqa.selenium.NoSuchElementException">
            <message>
              <![CDATA[Unable to locate element: {"method":"xpath","selector":"//div[@id='tvcap']/div/ol/li/div/h3/a[2]"}
Command duration or timeout: 5.15 seconds
For documentation on this error, please visit: http://seleniumhq.org/exceptions/no_such_element.html
Build info: version: '2.53.0', revision: '35ae25b1534ae328c771e0856c93e187490ca824', time: '2016-03-15 10:43:46'
System info: host: 'Himanshu-PC', ip: '192.168.1.111', os.name: 'Windows 7', os.arch: 'x86', os.version: '6.1', java.version: '1.8.0_144'
Driver info: org.openqa.selenium.firefox.FirefoxDriver
Capabilities [{applicationCacheEnabled=true, rotatable=false, handlesAlerts=true, databaseEnabled=true, version=45.0.2, platform=WINDOWS, nativeEvents=false, acceptSslCerts=true, webStorageEnabled=true, locationContextEnabled=true, browserName=firefox, takesScreenshot=true, javascriptEnabled=true, cssSelectorsEnabled=true}]
Session ID: 74cdd786-3998-4b7a-b537-02b3e711b708
*** Element info: {Using=xpath, value=//div[@id='tvcap']/div/ol/li/div/h3/a[2]}]]>
            </message>
            <full-stacktrace>
              <![CDATA[org.openqa.selenium.NoSuchElementException: Unable to locate element: {"method":"xpath","selector":"//div[@id='tvcap']/div/ol/li/div/h3/a[2]"}
Command duration or timeout: 5.15 seconds
For documentation on this error, please visit: http://seleniumhq.org/exceptions/no_such_element.html
Build info: version: '2.53.0', revision: '35ae25b1534ae328c771e0856c93e187490ca824', time: '2016-03-15 10:43:46'
System info: host: 'Himanshu-PC', ip: '192.168.1.111', os.name: 'Windows 7', os.arch: 'x86', os.version: '6.1', java.version: '1.8.0_144'
Driver info: org.openqa.selenium.firefox.FirefoxDriver
Capabilities [{applicationCacheEnabled=true, rotatable=false, handlesAlerts=true, databaseEnabled=true, version=45.0.2, platform=WINDOWS, nativeEvents=false, acceptSslCerts=true, webStorageEnabled=true, locationContextEnabled=true, browserName=firefox, takesScreenshot=true, javascriptEnabled=true, cssSelectorsEnabled=true}]
Session ID: 74cdd786-3998-4b7a-b537-02b3e711b708
*** Element info: {Using=xpath, value=//div[@id='tvcap']/div/ol/li/div/h3/a[2]}
	at sun.reflect.NativeConstructorAccessorImpl.newInstance0(Native Method)
	at sun.reflect.NativeConstructorAccessorImpl.newInstance(Unknown Source)
	at sun.reflect.DelegatingConstructorAccessorImpl.newInstance(Unknown Source)
	at java.lang.reflect.Constructor.newInstance(Unknown Source)
	at org.openqa.selenium.remote.ErrorHandler.createThrowable(ErrorHandler.java:206)
	at org.openqa.selenium.remote.ErrorHandler.throwIfResponseFailed(ErrorHandler.java:158)
	at org.openqa.selenium.remote.RemoteWebDriver.execute(RemoteWebDriver.java:678)
	at org.openqa.selenium.remote.RemoteWebDriver.findElement(RemoteWebDriver.java:363)
	at org.openqa.selenium.remote.RemoteWebDriver.findElementByXPath(RemoteWebDriver.java:500)
	at org.openqa.selenium.By$ByXPath.findElement(By.java:361)
	at org.openqa.selenium.remote.RemoteWebDriver.findElement(RemoteWebDriver.java:355)
	at org.openqa.selenium.support.pagefactory.DefaultElementLocator.findElement(DefaultElementLocator.java:69)
	at org.openqa.selenium.support.pagefactory.internal.LocatingElementHandler.invoke(LocatingElementHandler.java:38)
	at com.sun.proxy.$Proxy9.click(Unknown Source)
	at genricLib.commonLib.click(commonLib.java:65)
	at scripts.SearchClick.gsearch_google(SearchClick.java:42)
	at sun.reflect.NativeMethodAccessorImpl.invoke0(Native Method)
	at sun.reflect.NativeMethodAccessorImpl.invoke(Unknown Source)
	at sun.reflect.DelegatingMethodAccessorImpl.invoke(Unknown Source)
	at java.lang.reflect.Method.invoke(Unknown Source)
	at org.testng.internal.MethodInvocationHelper.invokeMethod(MethodInvocationHelper.java:85)
	at org.testng.internal.Invoker.invokeMethod(Invoker.java:639)
	at org.testng.internal.Invoker.invokeTestMethod(Invoker.java:816)
	at org.testng.internal.Invoker.invokeTestMethods(Invoker.java:1124)
	at org.testng.internal.TestMethodWorker.invokeTestMethods(TestMethodWorker.java:125)
	at org.testng.internal.TestMethodWorker.run(TestMethodWorker.java:108)
	at org.testng.TestRunner.privateRun(TestRunner.java:774)
	at org.testng.TestRunner.run(TestRunner.java:624)
	at org.testng.SuiteRunner.runTest(SuiteRunner.java:359)
	at org.testng.SuiteRunner.runSequentially(SuiteRunner.java:354)
	at org.testng.SuiteRunner.privateRun(SuiteRunner.java:312)
	at org.testng.SuiteRunner.run(SuiteRunner.java:261)
	at org.testng.SuiteRunnerWorker.runSuite(SuiteRunnerWorker.java:52)
	at org.testng.SuiteRunnerWorker.run(SuiteRunnerWorker.java:86)
	at org.testng.TestNG.runSuitesSequentially(TestNG.java:1215)
	at org.testng.TestNG.runSuitesLocally(TestNG.java:1140)
	at org.testng.TestNG.run(TestNG.java:1048)
	at org.testng.remote.AbstractRemoteTestNG.run(AbstractRemoteTestNG.java:114)
	at org.testng.remote.RemoteTestNG.initAndRun(RemoteTestNG.java:251)
	at org.testng.remote.RemoteTestNG.main(RemoteTestNG.java:77)
Caused by: org.openqa.selenium.NoSuchElementException: Unable to locate element: {"method":"xpath","selector":"//div[@id='tvcap']/div/ol/li/div/h3/a[2]"}
For documentation on this error, please visit: http://seleniumhq.org/exceptions/no_such_element.html
Build info: version: '2.53.0', revision: '35ae25b1534ae328c771e0856c93e187490ca824', time: '2016-03-15 10:43:46'
System info: host: 'Himanshu-PC', ip: '192.168.1.111', os.name: 'Windows 7', os.arch: 'x86', os.version: '6.1', java.version: '1.8.0_144'
Driver info: driver.version: unknown
	at <anonymous class>.FirefoxDriver.prototype.findElementInternal_(file:///C:/Users/Himanshu/AppData/Local/Temp/anonymous1704342763331996901webdriver-profile/extensions/fxdriver@googlecode.com/components/driver-component.js:10770)
	at <anonymous class>.fxdriver.Timer.prototype.setTimeout/<.notify(file:///C:/Users/Himanshu/AppData/Local/Temp/anonymous1704342763331996901webdriver-profile/extensions/fxdriver@googlecode.com/components/driver-component.js:625)
]]>
            </full-stacktrace>
          </exception> <!-- org.openqa.selenium.NoSuchElementException -->
          <reporter-output>
          </reporter-output>
        </test-method> <!-- gsearch_google -->
        <test-method status="PASS" signature="teardown()[pri:0, instance:scripts.SearchClick@1efef64]" name="teardown" is-config="true" duration-ms="506" started-at="2017-12-15T09:58:15Z" finished-at="2017-12-15T09:58:16Z">
          <reporter-output>
          </reporter-output>
        </test-method> <!-- teardown -->
        <test-method status="PASS" signature="launchApp()[pri:0, instance:scripts.SearchClick@1efef64]" name="launchApp" is-config="true" duration-ms="61746" started-at="2017-12-15T09:58:16Z" finished-at="2017-12-15T09:59:18Z">
          <reporter-output>
          </reporter-output>
        </test-method> <!-- launchApp -->
        <test-method status="PASS" signature="gsearch_google(java.util.Map)[pri:0, instance:scripts.SearchClick@1efef64]" name="gsearch_google" duration-ms="14804" started-at="2017-12-15T09:59:18Z" data-provider="dphvf" finished-at="2017-12-15T09:59:32Z">
          <params>
            <param index="0">
              <value>
                <![CDATA[{result=100.0, scriteria=Gearbest, tc_id=Search_04, order_id=2.0, eflag=y, script=google, url=online}]]>
              </value>
            </param>
          </params>
          <reporter-output>
          </reporter-output>
        </test-method> <!-- gsearch_google -->
        <test-method status="PASS" signature="teardown()[pri:0, instance:scripts.SearchClick@1efef64]" name="teardown" is-config="true" duration-ms="703" started-at="2017-12-15T09:59:32Z" finished-at="2017-12-15T09:59:33Z">
          <reporter-output>
          </reporter-output>
        </test-method> <!-- teardown -->
      </class> <!-- scripts.SearchClick -->
    </test> <!-- Default test -->
  </suite> <!-- Default suite -->
</testng-results>
